<?xml version="1.0" encoding="UTF-8"?>
<testng-results skipped="0" failed="0" ignored="0" total="2" passed="2">
  <reporter-output>
  </reporter-output>
  <suite name="Default suite" duration-ms="40" started-at="2022-11-13T08:30:06Z" finished-at="2022-11-13T08:30:06Z">
    <groups>
    </groups>
    <test name="Default test" duration-ms="40" started-at="2022-11-13T08:30:06Z" finished-at="2022-11-13T08:30:06Z">
      <class name="org.mango.Mango.test.APITest">
        <test-method status="PASS" signature="Test1()[pri:0, instance:org.mango.Mango.test.APITest@47af7f3d]" name="Test1" duration-ms="10" started-at="2022-11-13T08:30:06Z" finished-at="2022-11-13T08:30:06Z">
          <reporter-output>
          </reporter-output>
        </test-method> <!-- Test1 -->
        <test-method status="PASS" signature="Test2()[pri:0, instance:org.mango.Mango.test.APITest@47af7f3d]" name="Test2" duration-ms="1" started-at="2022-11-13T08:30:06Z" finished-at="2022-11-13T08:30:06Z">
          <reporter-output>
          </reporter-output>
        </test-method> <!-- Test2 -->
      </class> <!-- org.mango.Mango.test.APITest -->
    </test> <!-- Default test -->
  </suite> <!-- Default suite -->
</testng-results>
